Build started 4/12/2014 10:40:00 AM.
     1>Project "C:\dev\leaf-models-public\CurrentDNDC\DNDC95\DNDCgo.vcxproj" on node 2 (Build target(s)).
     1>ClCompile:
         C:\Program Files (x86)\Microsoft Visual Studio 11.0\VC\bin\CL.exe /c /ZI /nologo /W3 /WX- /Od /Oy- /D WIN32 /D _DEBUG /D _WINDOWS /D _WINDLL /D _USRDLL /D _VC80_UPGRADE=0x0600 /D _WINDLL /D _MBCS /Gm /EHsc /RTC1 /MTd /GS /Gy- /fp:precise /Zc:wchar_t /Zc:forScope /Yu"stdafx.h" /Fp".\Debug\DNDCgo.pch" /Fo".\Debug\\" /Fd".\Debug\vc110.pdb" /Gd /TP /analyze- /errorReport:prompt Dndc_CH4peat.cpp
         Dndc_CH4peat.cpp
     1>c:\dev\leaf-models-public\currentdndc\dndc95\dndc_ch4peat.cpp(56): warning C4244: '=' : conversion from 'double' to 'float', possible loss of data
     1>c:\dev\leaf-models-public\currentdndc\dndc95\dndc_ch4peat.cpp(59): warning C4244: '=' : conversion from 'double' to 'float', possible loss of data
     1>c:\dev\leaf-models-public\currentdndc\dndc95\dndc_ch4peat.cpp(60): warning C4244: '=' : conversion from 'double' to 'float', possible loss of data
     1>c:\dev\leaf-models-public\currentdndc\dndc95\dndc_ch4peat.cpp(65): warning C4305: '=' : truncation from 'double' to 'float'
     1>c:\dev\leaf-models-public\currentdndc\dndc95\dndc_ch4peat.cpp(74): warning C4244: '=' : conversion from 'double' to 'float', possible loss of data
     1>c:\dev\leaf-models-public\currentdndc\dndc95\dndc_ch4peat.cpp(75): warning C4244: '=' : conversion from 'double' to 'float', possible loss of data
     1>c:\dev\leaf-models-public\currentdndc\dndc95\dndc_ch4peat.cpp(81): warning C4244: '=' : conversion from 'double' to 'float', possible loss of data
     1>c:\dev\leaf-models-public\currentdndc\dndc95\dndc_ch4peat.cpp(82): warning C4244: '=' : conversion from 'double' to 'float', possible loss of data
     1>c:\dev\leaf-models-public\currentdndc\dndc95\dndc_ch4peat.cpp(88): warning C4244: '=' : conversion from 'double' to 'float', possible loss of data
     1>c:\dev\leaf-models-public\currentdndc\dndc95\dndc_ch4peat.cpp(108): warning C4244: '=' : conversion from 'double' to 'float', possible loss of data
     1>c:\dev\leaf-models-public\currentdndc\dndc95\dndc_ch4peat.cpp(117): warning C4244: '=' : conversion from 'double' to 'float', possible loss of data
     1>c:\dev\leaf-models-public\currentdndc\dndc95\dndc_ch4peat.cpp(126): warning C4244: '=' : conversion from 'double' to 'float', possible loss of data
     1>c:\dev\leaf-models-public\currentdndc\dndc95\dndc_ch4peat.cpp(156): warning C4244: 'initializing' : conversion from 'double' to 'float', possible loss of data
     1>c:\dev\leaf-models-public\currentdndc\dndc95\dndc_ch4peat.cpp(158): warning C4244: '=' : conversion from 'double' to 'float', possible loss of data
     1>c:\dev\leaf-models-public\currentdndc\dndc95\dndc_ch4peat.cpp(164): warning C4244: '=' : conversion from 'double' to 'float', possible loss of data
     1>c:\dev\leaf-models-public\currentdndc\dndc95\dndc_ch4peat.cpp(168): warning C4244: '=' : conversion from 'double' to 'float', possible loss of data
     1>c:\dev\leaf-models-public\currentdndc\dndc95\dndc_ch4peat.cpp(190): warning C4244: '=' : conversion from 'double' to 'float', possible loss of data
     1>c:\dev\leaf-models-public\currentdndc\dndc95\dndc_ch4peat.cpp(204): warning C4244: '=' : conversion from 'double' to 'float', possible loss of data
     1>c:\dev\leaf-models-public\currentdndc\dndc95\dndc_ch4peat.cpp(213): warning C4244: '=' : conversion from 'double' to 'float', possible loss of data
     1>c:\dev\leaf-models-public\currentdndc\dndc95\dndc_ch4peat.cpp(222): warning C4244: '=' : conversion from 'double' to 'float', possible loss of data
     1>c:\dev\leaf-models-public\currentdndc\dndc95\dndc_ch4peat.cpp(240): warning C4244: '=' : conversion from 'double' to 'float', possible loss of data
     1>c:\dev\leaf-models-public\currentdndc\dndc95\dndc_ch4peat.cpp(300): warning C4305: 'initializing' : truncation from 'double' to 'float'
     1>c:\dev\leaf-models-public\currentdndc\dndc95\dndc_ch4peat.cpp(301): warning C4244: 'initializing' : conversion from 'double' to 'float', possible loss of data
     1>c:\dev\leaf-models-public\currentdndc\dndc95\dndc_ch4peat.cpp(302): warning C4244: '=' : conversion from 'double' to 'float', possible loss of data
     1>c:\dev\leaf-models-public\currentdndc\dndc95\dndc_ch4peat.cpp(305): warning C4244: '=' : conversion from 'double' to 'float', possible loss of data
     1>c:\dev\leaf-models-public\currentdndc\dndc95\dndc_ch4peat.cpp(308): warning C4305: '=' : truncation from 'double' to 'float'
     1>c:\dev\leaf-models-public\currentdndc\dndc95\dndc_ch4peat.cpp(314): warning C4244: '=' : conversion from 'double' to 'float', possible loss of data
     1>c:\dev\leaf-models-public\currentdndc\dndc95\dndc_ch4peat.cpp(315): warning C4244: '=' : conversion from 'double' to 'float', possible loss of data
     1>c:\dev\leaf-models-public\currentdndc\dndc95\dndc_ch4peat.cpp(317): warning C4244: '=' : conversion from 'double' to 'float', possible loss of data
     1>c:\dev\leaf-models-public\currentdndc\dndc95\dndc_ch4peat.cpp(319): warning C4244: '=' : conversion from 'double' to 'float', possible loss of data
     1>c:\dev\leaf-models-public\currentdndc\dndc95\dndc_ch4peat.cpp(332): warning C4244: '=' : conversion from 'double' to 'float', possible loss of data
     1>c:\dev\leaf-models-public\currentdndc\dndc95\dndc_ch4peat.cpp(338): warning C4244: '=' : conversion from 'double' to 'float', possible loss of data
     1>c:\dev\leaf-models-public\currentdndc\dndc95\dndc_ch4peat.cpp(340): warning C4244: '-=' : conversion from 'double' to 'float', possible loss of data
     1>c:\dev\leaf-models-public\currentdndc\dndc95\dndc_ch4peat.cpp(342): warning C4244: '-=' : conversion from 'double' to 'float', possible loss of data
     1>c:\dev\leaf-models-public\currentdndc\dndc95\dndc_ch4peat.cpp(394): warning C4244: '=' : conversion from 'double' to 'float', possible loss of data
     1>c:\dev\leaf-models-public\currentdndc\dndc95\dndc_ch4peat.cpp(499): warning C4244: 'initializing' : conversion from 'double' to 'float', possible loss of data
     1>c:\dev\leaf-models-public\currentdndc\dndc95\dndc_ch4peat.cpp(500): warning C4244: '=' : conversion from 'double' to 'float', possible loss of data
     1>c:\dev\leaf-models-public\currentdndc\dndc95\dndc_ch4peat.cpp(530): warning C4244: 'initializing' : conversion from 'double' to 'float', possible loss of data
     1>c:\dev\leaf-models-public\currentdndc\dndc95\dndc_ch4peat.cpp(555): warning C4244: '=' : conversion from 'double' to 'float', possible loss of data
     1>c:\dev\leaf-models-public\currentdndc\dndc95\dndc_ch4peat.cpp(557): warning C4244: '=' : conversion from 'double' to 'float', possible loss of data
     1>c:\dev\leaf-models-public\currentdndc\dndc95\dndc_ch4peat.cpp(558): warning C4244: '=' : conversion from 'double' to 'float', possible loss of data
     1>c:\dev\leaf-models-public\currentdndc\dndc95\dndc_ch4peat.cpp(622): warning C4244: '=' : conversion from 'double' to 'float', possible loss of data
     1>c:\dev\leaf-models-public\currentdndc\dndc95\dndc_ch4peat.cpp(627): warning C4244: '=' : conversion from 'double' to 'float', possible loss of data
     1>c:\dev\leaf-models-public\currentdndc\dndc95\dndc_ch4peat.cpp(664): warning C4244: '+=' : conversion from 'double' to 'float', possible loss of data
     1>c:\dev\leaf-models-public\currentdndc\dndc95\dndc_ch4peat.cpp(665): warning C4305: '*=' : truncation from 'double' to 'float'
     1>c:\dev\leaf-models-public\currentdndc\dndc95\dndc_ch4peat.cpp(297): warning C4101: 'doc_conc' : unreferenced local variable
     1>c:\dev\leaf-models-public\currentdndc\dndc95\dndc_ch4peat.cpp(157): warning C4101: 'dFDC' : unreferenced local variable
     1>c:\dev\leaf-models-public\currentdndc\dndc95\dndc_ch4peat.cpp(157): warning C4101: 'dLN' : unreferenced local variable
     1>C:\Program Files (x86)\MSBuild\Microsoft.Cpp\v4.0\V110\Microsoft.CppBuild.targets(1137,5): warning MSB8012: TargetPath(C:\dev\leaf-models-public\CurrentDNDC\DNDC95\.\Debug\DNDCgo.dll) does not match the Linker's OutputFile property value (C:\DNDC95\Debug\DNDCgo.dll). This may cause your project to build incorrectly. To correct this, please make sure that $(OutDir), $(TargetName) and $(TargetExt) property values match the value specified in %(Link.OutputFile).
       Link:
         C:\Program Files (x86)\Microsoft Visual Studio 11.0\VC\bin\link.exe /ERRORREPORT:PROMPT /OUT:"C:\DNDC95\Debug\DNDCgo.dll" /INCREMENTAL /NOLOGO /DEF:".\DNDCgo.def" /MANIFEST /MANIFESTUAC:"level='asInvoker' uiAccess='false'" /manifest:embed /manifestinput:"C:\Program Files (x86)\Microsoft Visual Studio 11.0\VC\Include\Manifest\dpiaware.manifest" /DEBUG /PDB:".\Debug\DNDCgo.pdb" /SUBSYSTEM:WINDOWS /TLBID:1 /DYNAMICBASE /NXCOMPAT /IMPLIB:".\Debug\DNDCgo.lib" /MACHINE:X86 /SAFESEH  /out:"/dndc95/debug/DNDCgo.dll" /DLL .\Debug\DNDCgo.res
         .\Debug\CreateInputFiles.obj
         .\Debug\Dndc_balance.obj
         .\Debug\Dndc_balloon.obj
         .\Debug\Dndc_CH4.obj
         .\Debug\Dndc_CH4peat.obj
         .\Debug\Dndc_crop0.obj
         .\Debug\Dndc_data.obj
         .\Debug\Dndc_Eh.obj
         .\Debug\Dndc_farming.obj
         .\Debug\Dndc_hydrology.obj
         .\Debug\Dndc_main.obj
         .\Debug\Dndc_manure0.obj
         .\Debug\Dndc_manure1.obj
         .\Debug\Dndc_manure10.obj
         .\Debug\Dndc_manure2.obj
         .\Debug\Dndc_manure3.obj
         .\Debug\Dndc_manure5.obj
         .\Debug\Dndc_manure6.obj
         .\Debug\Dndc_manure7.obj
         .\Debug\Dndc_manure9.obj
         .\Debug\Dndc_ManureFeedlot.obj
         .\Debug\Dndc_ManureTreatment.obj
         .\Debug\Dndc_mapping.obj
         .\Debug\Dndc_output.obj
         .\Debug\Dndc_P.obj
         .\Debug\Dndc_paint.obj
         .\Debug\Dndc_regiondaily.obj
         .\Debug\Dndc_RegionOutput.obj
         .\Debug\Dndc_shell.obj
         .\Debug\Dndc_SoilChemistry.obj
         .\Debug\Dndc_SoilPhysics.obj
         .\Debug\Dndc_summary.obj
         .\Debug\Dndc_tool.obj
         .\Debug\Dndc_VOCs.obj
         .\Debug\Dndc_WT.obj
         .\Debug\DNDCgo.obj
         .\Debug\StdAfx.obj
     1>CreateInputFiles.obj : warning LNK4075: ignoring '/EDITANDCONTINUE' due to '/SAFESEH' specification
     1>.\DNDCgo.def(4): warning LNK4017: DESCRIPTION statement not supported for the target platform; ignored
            Creating library .\Debug\DNDCgo.lib and object .\Debug\DNDCgo.exp
         DNDCgo.vcxproj -> C:\dev\leaf-models-public\CurrentDNDC\DNDC95\.\Debug\DNDCgo.dll
     1>Done Building Project "C:\dev\leaf-models-public\CurrentDNDC\DNDC95\DNDCgo.vcxproj" (Build target(s)).

Build succeeded.

Time Elapsed 00:00:03.44
