Microsoft (R) Help Compiler
HCRTF 4.03.0002
Copyright (c) Microsoft Corp 1990 - 1995. All rights reserved.
dndc71.hpj
    HC3037: Warning: C:\DndcGraphics\hlp\dndc71.hm : 
	The map value for "HID_MSFmethod" is the same as the map value for "HID_data".
    HC3037: Warning: C:\DndcGraphics\hlp\dndc71.hm : 
	The map value for "HID_WWheat" is the same as the map value for "HID_RunRegion".
    HC3037: Warning: C:\DndcGraphics\hlp\dndc71.hm : 
	The map value for "HID_Oats" is the same as the map value for "HID_NewRegionDB".
    HC3037: Warning: C:\DndcGraphics\hlp\dndc71.hm : 
	The map value for "HID_Barley" is the same as the map value for "HID_IfDoOneTime".
    HC3037: Warning: C:\DndcGraphics\hlp\dndc71.hm : 
	The map value for "HID_Soybean" is the same as the map value for "HID_OPENSITE".
    HC3037: Warning: C:\DndcGraphics\hlp\dndc71.hm : 
	The map value for "HID_VIEW_NONAME" is the same as the map value for "HID_NEWSITE".
    HC3037: Warning: C:\DndcGraphics\hlp\dndc71.hm : 
	The map value for "HID_Potato" is the same as the map value for "HID_NEWSITE".
    HC3037: Warning: C:\DndcGraphics\hlp\dndc71.hm : 
	The map value for "HID_Beet" is the same as the map value for "HID_SAVESITE".
    HC3037: Warning: C:\DndcGraphics\hlp\dndc71.hm : 
	The map value for "HID_Peanut" is the same as the map value for "HID_PaleoBiomas".
    HC3037: Warning: C:\DndcGraphics\hlp\dndc71.hm : 
	The map value for "HID_Default" is the same as the map value for "HID_PaleoBiomas".
    HC3037: Warning: C:\DndcGraphics\hlp\dndc71.hm : 
	The map value for "HID_SPread" is the same as the map value for "HID_PaleoBiomas".
    HC3037: Warning: C:\DndcGraphics\hlp\dndc71.hm : 
	The map value for "HID_Vegetable" is the same as the map value for "HID_IfRedarwAll".
    HC3037: Warning: C:\DndcGraphics\hlp\dndc71.hm : 
	The map value for "HID_Pineapple" is the same as the map value for "HID_PaleoTP".
    HC3037: Warning: C:\DndcGraphics\hlp\dndc71.hm : 
	The map value for "HID_Sugarcane" is the same as the map value for "HID_IfStop".
    HC3037: Warning: C:\DndcGraphics\hlp\dndc71.hm : 
	The map value for "HID_Sunflower" is the same as the map value for "HID_IfPause".
    HC3037: Warning: C:\DndcGraphics\hlp\dndc71.hm : 
	The map value for "HID_LegumeHay" is the same as the map value for "HID_InputRegion".
    HC3037: Warning: C:\DndcGraphics\hlp\dndc71.hm : 
	The map value for "HID_Nonlegume_hay" is the same as the map value for "HID_TTTT".
    HC3037: Warning: C:\DndcGraphics\hlp\dndc71.hm : 
	The map value for "HID_DrawFlux" is the same as the map value for "HID_VIEW_StateBORDER".
    HC3037: Warning: C:\DndcGraphics\hlp\dndc71.hm : 
	The map value for "HIDD_CSelectRegionDlg" is the same as the map value for "HIDD_SELECTREGION".
    HC3037: Warning: C:\DndcGraphics\hlp\dndc71.hm : 
	The map value for "HIDD_ReginInput" is the same as the map value for "HIDD_DIALOG1".
    HC3037: Warning: C:\DndcGraphics\hlp\dndc71.hm : 
	The map value for "HIDD_CropDBase" is the same as the map value for "HIDR_MENU1".
    HC3037: Warning: C:\DndcGraphics\hlp\dndc71.hm : 
	The map value for "HIDD_DrawResults" is the same as the map value for "HIDD_DIALOG2".
    HC3037: Warning: C:\DndcGraphics\hlp\dndc71.hm : 
	The map value for "HIDD_Batch" is the same as the map value for "HIDD_DIALOG3".
    HC3037: Warning: C:\DndcGraphics\hlp\dndc71.hm : 
	The map value for "HIDD_MontoCarloNote" is the same as the map value for "HIDD_DIALOG4".
    HC3037: Warning: C:\DndcGraphics\hlp\dndc71.hm : 
	The map value for "HIDD_SelectShapeFile" is the same as the map value for "HIDD_DIALOG5".
    HC3037: Warning: C:\DndcGraphics\hlp\dndc71.hm : 
	The map value for "HIDD_DndcDataMapping" is the same as the map value for "HIDD_DndcMap".
    HC3037: Warning: C:\DndcGraphics\hlp\dndc71.hm : 
	The map value for "HIDD_HelpAF" is the same as the map value for "HIDD_DIALOG7".
    HC1002: Note: 
	Using existing phrase table: dndc71.ph.
    HC3025: Warning: topic #1 of C:\DndcGraphics\hlp\.\afxcore.rtf : 
	Jump to undefined Topic ID: "menu_record".
    HC3025: Warning: topic #3 of C:\DndcGraphics\hlp\.\afxcore.rtf : 
	Jump to undefined Topic ID: "HID_OLE_EDIT_LINKS".
    HC3025: Warning: topic #3 of C:\DndcGraphics\hlp\.\afxcore.rtf : 
	Jump to undefined Topic ID: "HID_EDIT_PASTE_LINK".
    HC3025: Warning: topic #3 of C:\DndcGraphics\hlp\.\afxcore.rtf : 
	Jump to undefined Topic ID: "HID_OLE_INSERT_NEW".
    HC1010: Note: 
	The following mapped Topic IDs were not used in any topic:
	HID_RegionUncertainty
	HID_Graze
	HID_House
	HIDD_IndiaStates
	HID_SAVESITE
	HIDD_Graze
	AFX_HIDP_UNREG_DONE
	HID_SelectCounty
	HIDD_House
	HIDD_EsRegionInput
	HID_MapCounty
	HID_RagionInput
	HID_Globe5
	HID_VIEWandSTATISTIC
	HID_Liaoning
	HIDD_GlobeMap
	HID_Storage
	HIDD_ResultRecord
	HID_MapCrops
	HIDD_Batch1
	HIDD_ManureFarmCrops
	AFX_HIDP_GET_NOT_SUPPORTED
	HID_HT_OBJECT
	HID_CreateCrop
	HID_MapLayer
	HID_FieldApplication
	HID_MCresult
	AFX_HIDP_SQL_BOOKMARKS_NOT_ENABLED
	HID_ViewMap
	HIDD_SoilProfile
	HID_NewRegionDB
	HID_CombineFiles
	HID_IfStop
	HID_IfRedarwAll
	HID_RECORD_FIRST
	HID_EDIT_SELECT_ALL
	HIDR_DNDC71TYPE
	HID_FILE_UPDATE
	AFX_HIDW_RESIZE_BAR
	HIDD_NewZealand
	HIDD_PROPPAGE1
	HIDD_PROPPAGE2
	HIDD_PROPPAGE3
	HIDD_PROPPAGE4
	HIDD_PROPPAGE5
	HIDD_PROPPAGE6
	HIDD_PROPPAGE7
	HIDD_PROPPAGE8
	HIDD_PROPPAGE9
	AFX_HIDP_SQL_NO_DATA_FOUND
	HIDD_IndiceColorScale
	AFX_HIDP_SQL_EMPTY_COLUMN_LIST
	AFX_HIDP_SQL_ODBC_LOAD_FAILED
	AFX_HIDP_FAILED_TO_CREATE
	HID_WizardSelectCrop
	HID_YieldPredict
	HID_SiteSampleSize
	HIDD_Bedding
	HID_GlobeDataProcess
	HID_VIEW_MAPVALUE
	AFX_HIDD_BUSY
	AFX_HIDP_ARCH_NONE
	HID_RECORD_LAST
	HID_RECORD_NEXT
	HID_RECORD_PREV
	HIDD_Europe
	AFX_HIDD_OBJECTPROPERTIES
	HID_MAP
	HID_MSF
	HID_vvv
	HIDD_WizardUncertainty
	HID_NEWSITE
	HIDD_GlobeDataProcess
	HID_RunRegion
	HID_ConvertData
	HID_ExtractData
	AFX_HIDP_UNREG_FAILURE
	HID_DefaulClimate
	AFX_HIDP_SQL_BOOKMARKS_NOT_SUPPORTED
	HIDD_ManureDigester
	HIDD_Oceania
	AFX_HIDP_FILE_TOO_MANY_OPEN
	AFX_HIDP_SQL_FIELD_NOT_FOUND
	HIDD_Asia
	HIDD_Farm
	AFX_HIDP_FILE_ACCESS_DENIED
	HIDD_DIALOG1
	HIDD_DIALOG2
	HIDD_DIALOG3
	HIDD_DIALOG4
	HIDD_DIALOG5
	HIDD_DIALOG6
	HIDD_DIALOG7
	HID_5min_30min
	HIDD_ExtractData
	HIDD_PROPPAGE11
	HIDD_PROPPAGE12
	HIDD_PROPPAGE13
	HIDD_PROPPAGE14
	HIDD_PROPPAGE10
	HID_SiteResult
	HIDD_MonteCarloRegionSelect
	HID_FILE_SAVE_COPY_AS
	AFX_HIDD_CONVERT
	HID_ResultRecord
	HID_ResultReview
	AFX_HIDP_ASK_TO_DISCARD
	AFX_HIDP_SQL_FIELD_SCHEMA_MISMATCH
	AFX_HIDP_SQL_LOCK_MODE_NOT_SUPPORTED
	HID_FORMAT_FONT
	AFX_HIDP_FILE_HARD_IO
	HIDD_WizardCrops
	AFX_HIDD_CHANGESOURCE
	HID_LiaoningView
	AFX_HIDP_FILE_NOT_FOUND
	HIDD_SELECTREGION
	AFX_HIDW_DOCKBAR_TOP
	AFX_HIDP_DAO_DFX_BIND
	HID_ESreview
	HID_ManureFarm
	HID_convert
	HID_WizardScenario
	HID_Tobacco
	HID_OPENSITE
	AFX_HIDP_SQL_ODBC_V2_REQUIRED
	AFX_HIDP_SQL_NO_ROWS_AFFECTED
	HID_OLE_EDIT_CONVERT
	AFX_HIDP_SQL_SQL_CONFORMANCE
	AFX_HIDD_INSERTOBJECT
	HID_data
	HID_Draw
	HID_EXIT
	HID_Rice
	HIDD_GasFlux
	HID_TTTT
	HIDD_Pen
	HIDD_RiceCode
	AFX_HIDP_SQL_RECORDSET_READONLY
	HID_VIEW_STATISTIC
	HID_RunMonteCarlo
	HIDD_DndcMap
	HID_IfDoOneTime
	HID_Region
	HID_CropPropertyDB
	AFX_HIDP_PARSE_RADIO_BUTTON
	HIDD_SoilRange
	HIDD_RunoffCN
	HIDD_DrawDrought
	HID_EDIT_PASTE_SPECIAL
	HID_GlobeData
	AFX_HIDP_DAO_ROWTOOSHORT
	HID_SPsave
	HID_VIEW_LatLonGrid
	HID_VIEW_BORDER
	HID_SWheat
	AFX_HIDP_SQL_INCORRECT_ODBC
	AFX_HIDP_NO_ERROR_AVAILABLE
	HIDR_MANURE
	AFX_HIDW_DOCKBAR_BOTTOM
	HID_SelectState
	AFX_HIDP_FILE_DIR_FULL
	HIDD_SelectObservedWT
	HID_WizardSelectCounty
	AFX_HIDP_DAO_BADBINDINFO
	HID_GlobeMap
	AFX_HIDP_SQL_UPDATE_DELETE_FAILED
	AFX_HIDP_PARSE_DATETIME
	HID_OLE_EDIT_CHANGE_ICON
	HIDD_SelectCrops
	HID_ScreenCLEAN
	AFX_HIDP_ARCH_ENDOFFILE
	AFX_HIDP_SQL_SQL_NO_TOTAL
	AFX_HIDP_SQL_CONNECT_FAIL
	HID_Uncertainty
	AFX_HIDP_SQL_API_CONFORMANCE
	HID_OLE_EDIT_PROPERTIES
	AFX_HIDP_FILE_DISKFULL
	HID_VIEW_MODIFYCOLORSCALE
	HID_YieldReSet
	HID_INDICATOR_DOC
	HIDD_ManureCycle
	HIDD_ManureFeeds
	HIDD_ManureField
	HIDD_ManureHouse
	AFX_HIDW_DOCKBAR_LEFT
	HIDD_ManureSsilo
	AFX_HIDP_FILE_REMOVE_CURRENT
	AFX_HIDP_ARCH_BADCLASS
	AFX_HIDP_SQL_NO_POSITIONED_UPDATES
	HID_OLE_VERB_1
	HID_OLE_VERB_1
	HID_OLE_VERB_1
	HID_OLE_VERB_1
	HID_OLE_VERB_1
	HID_OLE_VERB_1
	HID_OLE_VERB_1
	HID_OLE_VERB_1
	HID_OLE_VERB_1
	HID_OLE_VERB_1
	HID_OLE_VERB_1
	HID_OLE_VERB_1
	HID_OLE_VERB_1
	HID_OLE_VERB_1
	HID_OLE_VERB_1
	HID_OLE_VERB_1
	AFX_HIDP_ARCH_BADINDEX
	HIDD_CountyCrop
	HID_WIZBACK
	HID_MapCorn
	HID_WIZNEXT
	HID_Mapping
	HIDD_GlobeData
	HID_SiteModeTest
	AFX_HIDP_PARSE_CURRENCY
	AFX_HIDP_FILE_NONE
	HID_SensitiveFactor
	AFX_HIDP_FAILED_TO_CONVERT
	HIDD_MonteCarloParameters
	HID_HELP_FINDER
	HID_MonteCarlo
	HIDR_MENU1
	AFX_HIDP_FILE_EOF
	HID_RunSite
	AFX_HIDP_FILE_LOCKING
	AFX_HIDP_SQL_ILLEGAL_MODE
	HID_ExtractNation
	AFX_HIDD_PREVIEW_TOOLBAR
	HIDD_WheatCode
	HIDD_MaizeCode
	HIDD_SCSDlg
	HIDD_ReginMap
	AFX_HIDP_SQL_NO_CURRENT_RECORD
	AFX_HIDP_FILE_BAD_PATH
	AFX_HIDP_FILE_BAD_SEEK
	HIDD_ExtractCountryData
	HID_PaleoBiomas
	HID_WizardUncertainData
	AFX_HIDP_SQL_ROW_UPDATE_NOT_SUPPORTED
	AFX_HIDP_FAILED_MAPI_LOAD
	AFX_HIDP_FAILED_MAPI_SEND
	AFX_HIDP_FILE_SHARING
	HID_WizardMap
	HID_VIEW_StateBORDER
	HIDD_PROPPAGE_save
	HIDD_Storage
	HID_ManureRun
	HIDD_MapSelect
	HID_5minSOIL_30minSOIL
	HIDD_RegionYear
	HID_FILE_PRINT_DIRECT
	AFX_HIDP_DLL_LOAD_FAILED
	HID_Convert1
	HID_Convert2
	HID_Convert3
	HID_Convert4
	HID_Convert5
	HID_Convert6
	HID_Convert7
	AFX_HIDP_SQL_DYNASET_NOT_SUPPORTED
	HID_RunUncertainty
	AFX_HIDP_SQL_ROW_FETCH
	HIDD_Application
	HID_VIEWUSERCOLOR
	HID_DndcMap
	HID_Day1snow
	AFX_HIDP_SET_NOT_SUPPORTED
	AFX_HIDD_CHANGEICON
	HID_InputRegion
	AFX_HIDP_DLL_BAD_VERSION
	AFX_HIDP_ARCH_BADSCHEMA
	HID_InputRegionX
	AFX_HIDD_FILEBROWSE
	HIDD_SelectIrriFile
	HIDD_NorthAmerica
	HID_WizardMonteCarlo
	HIDD_SelectCrop
	HIDD_ManureLagoon
	HID_BUTTON32808
	AFX_HIDD_EDITLINKS
	AFX_HIDP_SQL_DATA_TRUNCATED
	HID_VIEW_FIXEDMAXMIN
	HID_RegionData
	HID_SAVEREGION
	HID_HT_HELP
	HIDD_ManureCompost
	HID_WIZFINISH
	AFX_HIDP_INVALID_MAPI_DLL
	HID_IfPause
	AFX_HIDD_PREVIEW_SHORTTOOLBAR
	AFX_HIDP_DAO_OBJECT_NOT_OPEN
	HIDD_CListFile
	AFX_HIDP_ARCH_WRITEONLY
	HID_OLE_EDIT_LINKS
	HID_RegionInput
	AFX_HIDP_SQL_MULTIPLE_ROWS_AFFECTED
	HID_EDIT_PASTE_LINK
	HID_Sorghum
	AFX_HIDP_DAO_ENGINE_INITIALIZATION
	HID_YieldShow
	AFX_HIDW_DOCKBAR_FLOAT
	HID_InputSite
	AFX_HIDW_DOCKBAR_RIGHT
	AFX_HIDP_PARSE_BYTE
	AFX_HIDP_PARSE_UINT
	HID_SnowPack
	HIDD_CombineFiles
	AFX_HIDP_ARCH_GENERIC
	HID_Cotton
	HIDD_USAstate
	AFX_HIDP_SQL_SNAPSHOT_NOT_SUPPORTED
	AFX_HIDD_PASTESPECIAL
	HID_OPENREGION
	AFX_HIDP_FILE_GENERIC
	HIDD_CHINAprovince
	HIDD_CreateCrop
	AFX_HIDP_FILE_INVALID_FILE
	HID_SiteParameter
	HID_HT_CLOSE
	HID_SoilDensity
	AFX_HIDP_ARCH_READONLY
	AFX_HIDP_SQL_RECORDSET_FORWARD_ONLY
	HID_OLE_INSERT_NEW
	AFX_HIDP_SQL_DYNAMIC_CURSOR_NOT_SUPPORTED
	HIDD_YieldPredict
	HID_USAdata
	HID_SelectCrop
	HID_InputSiteX
	AFX_HIDP_DAO_COLUMNUNAVAILABLE
	HIDD_RegionInputSet
	HID_PaleoTP
	HID_ConvertClimateData
	HID_RegionMap
	HID_RegionRun
	HID_Batch
	HID_DNDC1
72	Topics
48	Jumps
16	Keywords
21	Bitmaps


Created C:\DndcGraphics\hlp\dndc71.HLP, 38,921 bytes
Bitmaps: 5,348 bytes
Phrase+Zeck compression decreased help file by 13,866 bytes.
Compile time: 0 minutes, 1 second
2 notes, 31 warnings
